<?xml version="1.0" encoding="UTF-8"?>
<!-- Generated by org.testng.reporters.JUnitReportReporter -->
<testsuite hostname="Sada" name="com.ErpMavenProject.MavenDemoPractice" tests="1" failures="0" timestamp="27 Nov 2018 19:13:16 GMT" time="0.018" errors="0">
  <testcase name="setup" time="0.018" classname="com.ErpMavenProject.MavenDemoPractice"/>
</testsuite> <!-- com.ErpMavenProject.MavenDemoPractice -->
