<?xml version="1.0" encoding="UTF-8"?>
<!-- Generated by org.testng.reporters.JUnitReportReporter -->
<testsuite skipped="0" hostname="Sada" name="com.Erp.qa.TestCases.Alertpopup" tests="1" failures="0" timestamp="28 Dec 2018 00:30:10 GMT" time="11.161" errors="0">
  <testcase name="alertverify" time="11.161" classname="com.Erp.qa.TestCases.Alertpopup"/>
</testsuite> <!-- com.Erp.qa.TestCases.Alertpopup -->
