<?xml version="1.0" encoding="UTF-8"?>
<!-- Generated by org.testng.reporters.JUnitReportReporter -->
<testsuite skipped="0" hostname="Sada" name="com.Erp.qa.TestCases.LoginPageTest" tests="3" failures="0" timestamp="07 Dec 2018 07:59:58 GMT" time="41.962" errors="0">
  <testcase name="LoginPageTitleTest" time="10.963" classname="com.Erp.qa.TestCases.LoginPageTest"/>
  <testcase name="LoginPageCrmImageTest" time="13.499" classname="com.Erp.qa.TestCases.LoginPageTest"/>
  <testcase name="loginTest" time="17.500" classname="com.Erp.qa.TestCases.LoginPageTest"/>
</testsuite> <!-- com.Erp.qa.TestCases.LoginPageTest -->
